[debug] [2022-04-28T05:59:07.108Z] ----------------------------------------------------------------------
[debug] [2022-04-28T05:59:07.118Z] Command:       C:\Program Files\nodejs\node.exe C:\Users\User\AppData\Roaming\npm\node_modules\firebase-tools\lib\bin\firebase.js init
[debug] [2022-04-28T05:59:07.119Z] CLI Version:   10.6.0
[debug] [2022-04-28T05:59:07.120Z] Platform:      win32
[debug] [2022-04-28T05:59:07.120Z] Node Version:  v14.16.1
[debug] [2022-04-28T05:59:07.127Z] Time:          Thu Apr 28 2022 11:59:07 GMT+0600 (Bangladesh Standard Time)
[debug] [2022-04-28T05:59:07.128Z] ----------------------------------------------------------------------
[debug] 
[debug] [2022-04-28T05:59:07.141Z] >>> [apiv2][query] GET https://firebase-public.firebaseio.com/cli.json [none]
[debug] [2022-04-28T05:59:07.570Z] > command requires scopes: ["email","openid","https://www.googleapis.com/auth/cloudplatformprojects.readonly","https://www.googleapis.com/auth/firebase","https://www.googleapis.com/auth/cloud-platform"]
[debug] [2022-04-28T05:59:07.571Z] > authorizing via signed-in user (mirmd.mabrur@gmail.com)
[info] 
     ######## #### ########  ######## ########     ###     ######  ########
     ##        ##  ##     ## ##       ##     ##  ##   ##  ##       ##
     ######    ##  ########  ######   ########  #########  ######  ######
     ##        ##  ##    ##  ##       ##     ## ##     ##       ## ##
     ##       #### ##     ## ######## ########  ##     ##  ######  ########

You're about to initialize a Firebase project in this directory:

  D:\projects\m66-genius-car-service-client

Before we get started, keep in mind:

  * You are initializing within an existing Firebase project directory

[debug] [2022-04-28T05:59:09.180Z] <<< [apiv2][status] GET https://firebase-public.firebaseio.com/cli.json 200
[debug] [2022-04-28T05:59:09.182Z] <<< [apiv2][body] GET https://firebase-public.firebaseio.com/cli.json {"cloudBuildErrorAfter":1594252800000,"cloudBuildWarnAfter":1590019200000,"defaultNode10After":1594252800000,"minVersion":"3.0.5","node8DeploysDisabledAfter":1613390400000,"node8RuntimeDisabledAfter":1615809600000,"node8WarnAfter":1600128000000}
[info] 
=== Project Setup
[info] 
[info] First, let's associate this project directory with a Firebase project.
[info] You can create multiple project aliases by running firebase use --add, 
[info] but for now we'll just set up a default project.
[info] 
[debug] [2022-04-28T05:59:34.442Z] Using project from CLI flag: genius-car-services-18c77
[debug] [2022-04-28T05:59:34.446Z] > refreshing access token with scopes: []
[debug] [2022-04-28T05:59:34.457Z] >>> HTTP REQUEST POST https://www.googleapis.com/oauth2/v3/token  
 <request body omitted>
[debug] [2022-04-28T05:59:34.850Z] <<< HTTP RESPONSE 200 {"pragma":"no-cache","date":"Thu, 28 Apr 2022 05:59:35 GMT","cache-control":"no-cache, no-store, max-age=0, must-revalidate","expires":"Mon, 01 Jan 1990 00:00:00 GMT","content-type":"application/json; charset=utf-8","vary":"X-Origin, Referer, Origin,Accept-Encoding","server":"scaffolding on HTTPServer2","x-xss-protection":"0","x-frame-options":"SAMEORIGIN","x-content-type-options":"nosniff","alt-svc":"h3=\":443\"; ma=2592000,h3-29=\":443\"; ma=2592000,h3-Q050=\":443\"; ma=2592000,h3-Q046=\":443\"; ma=2592000,h3-Q043=\":443\"; ma=2592000,quic=\":443\"; ma=2592000; v=\"46,43\"","accept-ranges":"none","transfer-encoding":"chunked"}
[debug] [2022-04-28T05:59:34.877Z] >>> [apiv2][query] GET https://firebase.googleapis.com/v1beta1/projects/genius-car-services-18c77 [none]
[debug] [2022-04-28T05:59:35.646Z] <<< [apiv2][status] GET https://firebase.googleapis.com/v1beta1/projects/genius-car-services-18c77 403
[debug] [2022-04-28T05:59:35.647Z] <<< [apiv2][body] GET https://firebase.googleapis.com/v1beta1/projects/genius-car-services-18c77 {"error":{"code":403,"message":"The caller does not have permission","status":"PERMISSION_DENIED"}}
[debug] [2022-04-28T05:59:35.649Z] HTTP Error: 403, The caller does not have permission
[debug] [2022-04-28T05:59:35.918Z] FirebaseError: HTTP Error: 403, The caller does not have permission
    at module.exports (C:\Users\User\AppData\Roaming\npm\node_modules\firebase-tools\lib\responseToError.js:47:12)
    at RetryOperation._fn (C:\Users\User\AppData\Roaming\npm\node_modules\firebase-tools\lib\apiv2.js:286:39)
    at processTicksAndRejections (internal/process/task_queues.js:93:5)
[error] 
[error] Error: Failed to get Firebase project genius-car-services-18c77. Please make sure the project exists and your account has permission to access it.
[debug] [2022-04-28T06:01:38.498Z] ----------------------------------------------------------------------
[debug] [2022-04-28T06:01:38.506Z] Command:       C:\Program Files\nodejs\node.exe C:\Users\User\AppData\Roaming\npm\node_modules\firebase-tools\lib\bin\firebase.js init
[debug] [2022-04-28T06:01:38.507Z] CLI Version:   10.6.0
[debug] [2022-04-28T06:01:38.507Z] Platform:      win32
[debug] [2022-04-28T06:01:38.508Z] Node Version:  v14.16.1
[debug] [2022-04-28T06:01:38.511Z] Time:          Thu Apr 28 2022 12:01:38 GMT+0600 (Bangladesh Standard Time)
[debug] [2022-04-28T06:01:38.512Z] ----------------------------------------------------------------------
[debug] 
[debug] [2022-04-28T06:01:38.783Z] > command requires scopes: ["email","openid","https://www.googleapis.com/auth/cloudplatformprojects.readonly","https://www.googleapis.com/auth/firebase","https://www.googleapis.com/auth/cloud-platform"]
[debug] [2022-04-28T06:01:38.783Z] > authorizing via signed-in user (mirmd.mabrur@gmail.com)
[info] 
     ######## #### ########  ######## ########     ###     ######  ########
     ##        ##  ##     ## ##       ##     ##  ##   ##  ##       ##
     ######    ##  ########  ######   ########  #########  ######  ######
     ##        ##  ##    ##  ##       ##     ## ##     ##       ## ##
     ##       #### ##     ## ######## ########  ##     ##  ######  ########

You're about to initialize a Firebase project in this directory:

  D:\projects\m66-genius-car-service-client

Before we get started, keep in mind:

  * You are initializing within an existing Firebase project directory

[info] 
=== Project Setup
[info] 
[info] First, let's associate this project directory with a Firebase project.
[info] You can create multiple project aliases by running firebase use --add, 
[info] but for now we'll just set up a default project.
[info] 
[debug] [2022-04-28T06:02:05.648Z] Using project from CLI flag: m66-genius-car
[debug] [2022-04-28T06:02:05.663Z] >>> [apiv2][query] GET https://firebase.googleapis.com/v1beta1/projects/m66-genius-car [none]
[debug] [2022-04-28T06:02:06.590Z] <<< [apiv2][status] GET https://firebase.googleapis.com/v1beta1/projects/m66-genius-car 403
[debug] [2022-04-28T06:02:06.591Z] <<< [apiv2][body] GET https://firebase.googleapis.com/v1beta1/projects/m66-genius-car {"error":{"code":403,"message":"The caller does not have permission","status":"PERMISSION_DENIED"}}
[debug] [2022-04-28T06:02:06.593Z] HTTP Error: 403, The caller does not have permission
[debug] [2022-04-28T06:02:06.871Z] FirebaseError: HTTP Error: 403, The caller does not have permission
    at module.exports (C:\Users\User\AppData\Roaming\npm\node_modules\firebase-tools\lib\responseToError.js:47:12)
    at RetryOperation._fn (C:\Users\User\AppData\Roaming\npm\node_modules\firebase-tools\lib\apiv2.js:286:39)
    at processTicksAndRejections (internal/process/task_queues.js:93:5)
[error] 
[error] Error: Failed to get Firebase project m66-genius-car. Please make sure the project exists and your account has permission to access it.
